<?xml version="1.0" encoding="UTF-8"?>
<!-- Generated by org.testng.reporters.JUnitReportReporter -->
<testsuite hostname="DESKTOP-VS3MLQ4" failures="0" tests="3" name="selenium.ValidateTitle" time="4.070" errors="0" timestamp="2021-02-08T17:21:19 IST" skipped="0">
  <testcase classname="selenium.ValidateTitle" name="VerifyTitle" time="2.073"/>
  <system-out/>
  <testcase classname="selenium.ValidateTitle" name="VerifyHeader" time="0.036"/>
  <system-out/>
  <testcase classname="selenium.ValidateTitle" name="GetAllLinks" time="1.961"/>
  <system-out/>
</testsuite> <!-- selenium.ValidateTitle -->
