<?xml version="1.0" encoding="UTF-8"?>
<!-- Generated by org.testng.reporters.JUnitReportReporter -->
<testsuite hostname="DESKTOP-VS3MLQ4" failures="0" tests="2" name="selenium.ValidateTitle" time="2.091" errors="0" timestamp="2021-02-08T13:54:31 IST" skipped="0">
  <testcase classname="selenium.ValidateTitle" name="VerifyTitle" time="2.063"/>
  <system-out/>
  <testcase classname="selenium.ValidateTitle" name="VerifyHeader" time="0.028"/>
  <system-out/>
</testsuite> <!-- selenium.ValidateTitle -->
