<?xml version="1.0" encoding="UTF-8"?>
<!-- Generated by org.testng.reporters.JUnitReportReporter -->
<testsuite hostname="DESKTOP-VS3MLQ4" failures="0" tests="1" name="selenium.HomePage" time="8.011" errors="0" timestamp="2021-02-06T11:04:41 IST" skipped="0">
  <testcase classname="selenium.HomePage" name="PageNavigation" time="8.011"/>
  <system-out/>
</testsuite> <!-- selenium.HomePage -->
