<?xml version="1.0" encoding="UTF-8"?>
<!-- Generated by org.testng.reporters.JUnitReportReporter -->
<testsuite hostname="DESKTOP-VS3MLQ4" failures="0" tests="2" name="selenium.HomePageTest" time="10.291" errors="0" timestamp="2021-02-08T17:21:19 IST" skipped="0">
  <testcase classname="selenium.HomePageTest" name="testPageNavigation" time="4.144"/>
  <system-out/>
  <testcase classname="selenium.HomePageTest" name="testPageNavigation" time="6.147"/>
  <system-out/>
</testsuite> <!-- selenium.HomePageTest -->
