<?xml version="1.0" encoding="UTF-8"?>
<!-- Generated by org.testng.reporters.JUnitReportReporter -->
<testsuite hostname="DESKTOP-VS3MLQ4" failures="0" tests="1" name="selenium.Example3Test" time="7.711" errors="0" timestamp="2021-02-05T13:19:58 IST" skipped="0">
  <testcase classname="selenium.Example3Test" name="InitialDemo" time="7.711"/>
  <system-out/>
</testsuite> <!-- selenium.Example3Test -->
