<?xml version="1.0" encoding="UTF-8"?>
<!-- Generated by org.testng.reporters.JUnitReportReporter -->
<testsuite hostname="DESKTOP-VS3MLQ4" failures="0" tests="2" name="Selenium.Example1Test" time="0.000" errors="0" timestamp="2021-02-04T17:52:34 IST" skipped="0">
  <testcase classname="Selenium.Example1Test" name="quitTest" time="0.000"/>
  <system-out/>
  <testcase classname="Selenium.Example1Test" name="BrowserTest" time="0.000"/>
  <system-out/>
</testsuite> <!-- Selenium.Example1Test -->
