<?xml version="1.0" encoding="UTF-8"?>
<!-- Generated by org.testng.reporters.JUnitReportReporter -->
<testsuite hostname="DESKTOP-VS3MLQ4" failures="0" tests="2" name="Selenium.Example2Test" time="0.008" errors="0" timestamp="2021-02-04T17:52:34 IST" skipped="0">
  <testcase classname="Selenium.Example2Test" name="demo1Test" time="0.008"/>
  <system-out/>
  <testcase classname="Selenium.Example2Test" name="demo2Test" time="0.000"/>
  <system-out/>
</testsuite> <!-- Selenium.Example2Test -->
