<?xml version="1.0" encoding="UTF-8"?>
<!-- Generated by org.testng.reporters.JUnitReportReporter -->
<testsuite hostname="DESKTOP-VS3MLQ4" failures="0" tests="2" name="selenium.HomePageTest" time="21.698" errors="0" timestamp="2021-02-08T12:16:00 IST" skipped="0">
  <testcase classname="selenium.HomePageTest" name="testPageNavigation" time="15.999"/>
  <system-out/>
  <testcase classname="selenium.HomePageTest" name="testPageNavigation" time="5.699"/>
  <system-out/>
</testsuite> <!-- selenium.HomePageTest -->
